<?xml version="1.0" encoding="UTF-8"?>
<!-- Generated by org.testng.reporters.JUnitReportReporter -->
<testsuite skipped="0" hostname="LAPTOP-PSCBQVN3" name="com.weather.tests.Chapter1" tests="1" failures="0" timestamp="2020-01-25T13:01:07 AEDT" time="1.874" errors="0">
  <testcase name="getMethod" time="1.874" classname="com.weather.tests.Chapter1"/>
</testsuite> <!-- com.weather.tests.Chapter1 -->
