<?xml version="1.0" encoding="UTF-8"?>
<!-- Generated by org.testng.reporters.JUnitReportReporter -->
<testsuite skipped="0" hostname="LAPTOP-PSCBQVN3" name="com.demo.tests.SingleUserNotFoundTest" tests="1" failures="0" timestamp="2020-01-24T17:52:01 AEDT" time="2.034" errors="0">
  <testcase name="testSingleUserNotFound" time="2.034" classname="com.demo.tests.SingleUserNotFoundTest"/>
</testsuite> <!-- com.demo.tests.SingleUserNotFoundTest -->
