<?xml version="1.0" encoding="UTF-8"?>
<!-- Generated by org.testng.reporters.JUnitReportReporter -->
<testsuite skipped="0" hostname="LAPTOP-PSCBQVN3" name="com.weather.tests.GetCityByLatNLogTest" tests="1" failures="0" timestamp="2020-01-28T12:19:11 AEDT" time="2.679" errors="0">
  <testcase name="testGetByPostCode" time="2.679" classname="com.weather.tests.GetCityByLatNLogTest"/>
</testsuite> <!-- com.weather.tests.GetCityByLatNLogTest -->
