<?xml version="1.0" encoding="UTF-8"?>
<!-- Generated by org.testng.reporters.JUnitReportReporter -->
<testsuite skipped="0" hostname="LAPTOP-PSCBQVN3" name="com.weather.demo.CallCityByName" tests="1" failures="0" timestamp="2020-01-25T10:15:04 AEDT" time="2.387" errors="0">
  <testcase name="callCityByNameTest" time="2.387" classname="com.weather.demo.CallCityByName"/>
</testsuite> <!-- com.weather.demo.CallCityByName -->
