<?xml version="1.0" encoding="UTF-8"?>
<!-- Generated by org.testng.reporters.JUnitReportReporter -->
<testsuite skipped="0" hostname="LAPTOP-PSCBQVN3" name="com.weather.demo.GetCityByNameTest" tests="1" failures="0" timestamp="2020-01-25T11:35:05 AEDT" time="2.746" errors="0">
  <testcase name="testGetByISBN" time="2.746" classname="com.weather.demo.GetCityByNameTest"/>
</testsuite> <!-- com.weather.demo.GetCityByNameTest -->
