<?xml version="1.0" encoding="UTF-8"?>
<!-- Generated by org.testng.reporters.JUnitReportReporter -->
<testsuite skipped="0" hostname="LAPTOP-PSCBQVN3" name="com.weather.tests.GetCityByPostCodeCountryTest" tests="4" failures="0" timestamp="2020-01-28T12:42:13 AEDT" time="4.823" errors="0">
  <testcase name="testGetByPostCode4" time="0.607" classname="com.weather.tests.GetCityByPostCodeCountryTest"/>
  <testcase name="testGetByPostCode" time="2.840" classname="com.weather.tests.GetCityByPostCodeCountryTest"/>
  <testcase name="testGetByPostCode2" time="0.768" classname="com.weather.tests.GetCityByPostCodeCountryTest"/>
  <testcase name="testGetByPostCode3" time="0.608" classname="com.weather.tests.GetCityByPostCodeCountryTest"/>
</testsuite> <!-- com.weather.tests.GetCityByPostCodeCountryTest -->
