<?xml version="1.0" encoding="UTF-8"?>
<!-- Generated by org.testng.reporters.JUnitReportReporter -->
<testsuite skipped="0" hostname="LAPTOP-PSCBQVN3" name="com.weather.tests.GetCityByPostCodeTest" tests="2" failures="0" timestamp="2020-01-28T12:37:25 AEDT" time="3.210" errors="0">
  <testcase name="testGetByPostCode2" time="0.605" classname="com.weather.tests.GetCityByPostCodeTest"/>
  <testcase name="testGetByPostCode" time="2.605" classname="com.weather.tests.GetCityByPostCodeTest"/>
</testsuite> <!-- com.weather.tests.GetCityByPostCodeTest -->
