<?xml version="1.0" encoding="UTF-8"?>
<!-- Generated by org.testng.reporters.JUnitReportReporter -->
<testsuite skipped="0" hostname="LAPTOP-PSCBQVN3" name="com.demo.tests.SingleUserTest" tests="1" failures="0" timestamp="2020-01-24T17:52:01 AEDT" time="1.934" errors="0">
  <testcase name="testSingleUser" time="1.934" classname="com.demo.tests.SingleUserTest"/>
</testsuite> <!-- com.demo.tests.SingleUserTest -->
